Analysis & Synthesis report for projeto3sd
Wed Oct 31 22:08:36 2018
Quartus II 64-Bit Version 13.0.1 Build 232 06/12/2013 Service Pack 1 SJ Web Edition


---------------------
; Table of Contents ;
---------------------
  1. Legal Notice
  2. Analysis & Synthesis Summary
  3. Analysis & Synthesis Settings
  4. Parallel Compilation
  5. Analysis & Synthesis Source Files Read
  6. Analysis & Synthesis Resource Usage Summary
  7. Analysis & Synthesis Resource Utilization by Entity
  8. Analysis & Synthesis IP Cores Summary
  9. Registers Removed During Synthesis
 10. General Register Statistics
 11. Inverted Register Statistics
 12. Multiplexer Restructuring Statistics (Restructuring Performed)
 13. Parameter Settings for User Entity Instance: lpm_shiftOUT:inst2|lpm_shiftreg:LPM_SHIFTREG_component
 14. Parameter Settings for User Entity Instance: LPM_FF:inst333
 15. Parameter Settings for User Entity Instance: lpm_shiftreg0:inst|lpm_shiftreg:LPM_SHIFTREG_component
 16. lpm_shiftreg Parameter Settings by Entity Instance
 17. Elapsed Time Per Partition
 18. Analysis & Synthesis Messages



----------------
; Legal Notice ;
----------------
Copyright (C) 1991-2013 Altera Corporation
Your use of Altera Corporation's design tools, logic functions 
and other software and tools, and its AMPP partner logic 
functions, and any output files from any of the foregoing 
(including device programming or simulation files), and any 
associated documentation or information are expressly subject 
to the terms and conditions of the Altera Program License 
Subscription Agreement, Altera MegaCore Function License 
Agreement, or other applicable license agreement, including, 
without limitation, that your use is for the sole purpose of 
programming logic devices manufactured by Altera and sold by 
Altera or its authorized distributors.  Please refer to the 
applicable agreement for further details.



+--------------------------------------------------------------------------------------+
; Analysis & Synthesis Summary                                                         ;
+------------------------------------+-------------------------------------------------+
; Analysis & Synthesis Status        ; Successful - Wed Oct 31 22:08:35 2018           ;
; Quartus II 64-Bit Version          ; 13.0.1 Build 232 06/12/2013 SP 1 SJ Web Edition ;
; Revision Name                      ; projeto3sd                                      ;
; Top-level Entity Name              ; projeto3sd                                      ;
; Family                             ; Cyclone II                                      ;
; Total logic elements               ; 30                                              ;
;     Total combinational functions  ; 14                                              ;
;     Dedicated logic registers      ; 27                                              ;
; Total registers                    ; 27                                              ;
; Total pins                         ; 28                                              ;
; Total virtual pins                 ; 0                                               ;
; Total memory bits                  ; 0                                               ;
; Embedded Multiplier 9-bit elements ; 0                                               ;
; Total PLLs                         ; 0                                               ;
+------------------------------------+-------------------------------------------------+


+----------------------------------------------------------------------------------------------------------------------+
; Analysis & Synthesis Settings                                                                                        ;
+----------------------------------------------------------------------------+--------------------+--------------------+
; Option                                                                     ; Setting            ; Default Value      ;
+----------------------------------------------------------------------------+--------------------+--------------------+
; Device                                                                     ; EP2C35F672C6       ;                    ;
; Top-level entity name                                                      ; projeto3sd         ; projeto3sd         ;
; Family name                                                                ; Cyclone II         ; Cyclone IV GX      ;
; Use smart compilation                                                      ; Off                ; Off                ;
; Enable parallel Assembler and TimeQuest Timing Analyzer during compilation ; On                 ; On                 ;
; Enable compact report table                                                ; Off                ; Off                ;
; Restructure Multiplexers                                                   ; Auto               ; Auto               ;
; Create Debugging Nodes for IP Cores                                        ; Off                ; Off                ;
; Preserve fewer node names                                                  ; On                 ; On                 ;
; Disable OpenCore Plus hardware evaluation                                  ; Off                ; Off                ;
; Verilog Version                                                            ; Verilog_2001       ; Verilog_2001       ;
; VHDL Version                                                               ; VHDL_1993          ; VHDL_1993          ;
; State Machine Processing                                                   ; Auto               ; Auto               ;
; Safe State Machine                                                         ; Off                ; Off                ;
; Extract Verilog State Machines                                             ; On                 ; On                 ;
; Extract VHDL State Machines                                                ; On                 ; On                 ;
; Ignore Verilog initial constructs                                          ; Off                ; Off                ;
; Iteration limit for constant Verilog loops                                 ; 5000               ; 5000               ;
; Iteration limit for non-constant Verilog loops                             ; 250                ; 250                ;
; Add Pass-Through Logic to Inferred RAMs                                    ; On                 ; On                 ;
; Infer RAMs from Raw Logic                                                  ; On                 ; On                 ;
; Parallel Synthesis                                                         ; On                 ; On                 ;
; DSP Block Balancing                                                        ; Auto               ; Auto               ;
; NOT Gate Push-Back                                                         ; On                 ; On                 ;
; Power-Up Don't Care                                                        ; On                 ; On                 ;
; Remove Redundant Logic Cells                                               ; Off                ; Off                ;
; Remove Duplicate Registers                                                 ; On                 ; On                 ;
; Ignore CARRY Buffers                                                       ; Off                ; Off                ;
; Ignore CASCADE Buffers                                                     ; Off                ; Off                ;
; Ignore GLOBAL Buffers                                                      ; Off                ; Off                ;
; Ignore ROW GLOBAL Buffers                                                  ; Off                ; Off                ;
; Ignore LCELL Buffers                                                       ; Off                ; Off                ;
; Ignore SOFT Buffers                                                        ; On                 ; On                 ;
; Limit AHDL Integers to 32 Bits                                             ; Off                ; Off                ;
; Optimization Technique                                                     ; Balanced           ; Balanced           ;
; Carry Chain Length                                                         ; 70                 ; 70                 ;
; Auto Carry Chains                                                          ; On                 ; On                 ;
; Auto Open-Drain Pins                                                       ; On                 ; On                 ;
; Perform WYSIWYG Primitive Resynthesis                                      ; Off                ; Off                ;
; Auto ROM Replacement                                                       ; On                 ; On                 ;
; Auto RAM Replacement                                                       ; On                 ; On                 ;
; Auto Shift Register Replacement                                            ; Auto               ; Auto               ;
; Allow Shift Register Merging across Hierarchies                            ; Auto               ; Auto               ;
; Auto Clock Enable Replacement                                              ; On                 ; On                 ;
; Strict RAM Replacement                                                     ; Off                ; Off                ;
; Allow Synchronous Control Signals                                          ; On                 ; On                 ;
; Force Use of Synchronous Clear Signals                                     ; Off                ; Off                ;
; Auto RAM to Logic Cell Conversion                                          ; Off                ; Off                ;
; Auto Resource Sharing                                                      ; Off                ; Off                ;
; Allow Any RAM Size For Recognition                                         ; Off                ; Off                ;
; Allow Any ROM Size For Recognition                                         ; Off                ; Off                ;
; Allow Any Shift Register Size For Recognition                              ; Off                ; Off                ;
; Use LogicLock Constraints during Resource Balancing                        ; On                 ; On                 ;
; Ignore translate_off and synthesis_off directives                          ; Off                ; Off                ;
; Timing-Driven Synthesis                                                    ; Off                ; Off                ;
; Report Parameter Settings                                                  ; On                 ; On                 ;
; Report Source Assignments                                                  ; On                 ; On                 ;
; Report Connectivity Checks                                                 ; On                 ; On                 ;
; Ignore Maximum Fan-Out Assignments                                         ; Off                ; Off                ;
; Synchronization Register Chain Length                                      ; 2                  ; 2                  ;
; PowerPlay Power Optimization                                               ; Normal compilation ; Normal compilation ;
; HDL message level                                                          ; Level2             ; Level2             ;
; Suppress Register Optimization Related Messages                            ; Off                ; Off                ;
; Number of Removed Registers Reported in Synthesis Report                   ; 5000               ; 5000               ;
; Number of Swept Nodes Reported in Synthesis Report                         ; 5000               ; 5000               ;
; Number of Inverted Registers Reported in Synthesis Report                  ; 100                ; 100                ;
; Clock MUX Protection                                                       ; On                 ; On                 ;
; Auto Gated Clock Conversion                                                ; Off                ; Off                ;
; Block Design Naming                                                        ; Auto               ; Auto               ;
; SDC constraint protection                                                  ; Off                ; Off                ;
; Synthesis Effort                                                           ; Auto               ; Auto               ;
; Shift Register Replacement - Allow Asynchronous Clear Signal               ; On                 ; On                 ;
; Pre-Mapping Resynthesis Optimization                                       ; Off                ; Off                ;
; Analysis & Synthesis Message Level                                         ; Medium             ; Medium             ;
; Disable Register Merging Across Hierarchies                                ; Auto               ; Auto               ;
; Resource Aware Inference For Block RAM                                     ; On                 ; On                 ;
; Synthesis Seed                                                             ; 1                  ; 1                  ;
+----------------------------------------------------------------------------+--------------------+--------------------+


Parallel compilation was disabled, but you have multiple processors available. Enable parallel compilation to reduce compilation time.
+-------------------------------------+
; Parallel Compilation                ;
+----------------------------+--------+
; Processors                 ; Number ;
+----------------------------+--------+
; Number detected on machine ; 8      ;
; Maximum allowed            ; 1      ;
+----------------------------+--------+


+------------------------------------------------------------------------------------------------------------------------------------------------------------------------+
; Analysis & Synthesis Source Files Read                                                                                                                                 ;
+----------------------------------+-----------------+------------------------------------+--------------------------------------------------------------------+---------+
; File Name with User-Entered Path ; Used in Netlist ; File Type                          ; File Name with Absolute Path                                       ; Library ;
+----------------------------------+-----------------+------------------------------------+--------------------------------------------------------------------+---------+
; lpm_shiftreg0.vhd                ; yes             ; User Wizard-Generated File         ; C:/Users/mathe/Documents/Projeto3SD/lpm_shiftreg0.vhd              ;         ;
; lpm_shiftOUT.vhd                 ; yes             ; User Wizard-Generated File         ; C:/Users/mathe/Documents/Projeto3SD/lpm_shiftOUT.vhd               ;         ;
; projeto3sd.bdf                   ; yes             ; User Block Diagram/Schematic File  ; C:/Users/mathe/Documents/Projeto3SD/projeto3sd.bdf                 ;         ;
; contador.vhd                     ; yes             ; User VHDL File                     ; C:/Users/mathe/Documents/Projeto3SD/contador.vhd                   ;         ;
; lpm_shiftreg.tdf                 ; yes             ; Megafunction                       ; c:/altera/13.0sp1/quartus/libraries/megafunctions/lpm_shiftreg.tdf ;         ;
; lpm_constant.inc                 ; yes             ; Megafunction                       ; c:/altera/13.0sp1/quartus/libraries/megafunctions/lpm_constant.inc ;         ;
; dffeea.inc                       ; yes             ; Megafunction                       ; c:/altera/13.0sp1/quartus/libraries/megafunctions/dffeea.inc       ;         ;
; aglobal130.inc                   ; yes             ; Megafunction                       ; c:/altera/13.0sp1/quartus/libraries/megafunctions/aglobal130.inc   ;         ;
; lpm_ff.tdf                       ; yes             ; Megafunction                       ; c:/altera/13.0sp1/quartus/libraries/megafunctions/lpm_ff.tdf       ;         ;
+----------------------------------+-----------------+------------------------------------+--------------------------------------------------------------------+---------+


+-----------------------------------------------------+
; Analysis & Synthesis Resource Usage Summary         ;
+---------------------------------------------+-------+
; Resource                                    ; Usage ;
+---------------------------------------------+-------+
; Estimated Total logic elements              ; 30    ;
;                                             ;       ;
; Total combinational functions               ; 14    ;
; Logic element usage by number of LUT inputs ;       ;
;     -- 4 input functions                    ; 8     ;
;     -- 3 input functions                    ; 3     ;
;     -- <=2 input functions                  ; 3     ;
;                                             ;       ;
; Logic elements by mode                      ;       ;
;     -- normal mode                          ; 14    ;
;     -- arithmetic mode                      ; 0     ;
;                                             ;       ;
; Total registers                             ; 27    ;
;     -- Dedicated logic registers            ; 27    ;
;     -- I/O registers                        ; 0     ;
;                                             ;       ;
; I/O pins                                    ; 28    ;
; Embedded Multiplier 9-bit elements          ; 0     ;
; Maximum fan-out node                        ; SS    ;
; Maximum fan-out                             ; 20    ;
; Total fan-out                               ; 140   ;
; Average fan-out                             ; 2.03  ;
+---------------------------------------------+-------+


+---------------------------------------------------------------------------------------------------------------------------------------------------------------------------------------------------------------------------------------------+
; Analysis & Synthesis Resource Utilization by Entity                                                                                                                                                                                         ;
+---------------------------------------------+-------------------+--------------+-------------+--------------+---------+-----------+------+--------------+--------------------------------------------------------------------+--------------+
; Compilation Hierarchy Node                  ; LC Combinationals ; LC Registers ; Memory Bits ; DSP Elements ; DSP 9x9 ; DSP 18x18 ; Pins ; Virtual Pins ; Full Hierarchy Name                                                ; Library Name ;
+---------------------------------------------+-------------------+--------------+-------------+--------------+---------+-----------+------+--------------+--------------------------------------------------------------------+--------------+
; |projeto3sd                                 ; 14 (2)            ; 27 (0)       ; 0           ; 0            ; 0       ; 0         ; 28   ; 0            ; |projeto3sd                                                        ; work         ;
;    |contador:inst3|                         ; 4 (4)             ; 3 (3)        ; 0           ; 0            ; 0       ; 0         ; 0    ; 0            ; |projeto3sd|contador:inst3                                         ; work         ;
;    |lpm_ff:inst333|                         ; 0 (0)             ; 8 (8)        ; 0           ; 0            ; 0       ; 0         ; 0    ; 0            ; |projeto3sd|lpm_ff:inst333                                         ; work         ;
;    |lpm_shiftOUT:inst2|                     ; 8 (0)             ; 8 (0)        ; 0           ; 0            ; 0       ; 0         ; 0    ; 0            ; |projeto3sd|lpm_shiftOUT:inst2                                     ; work         ;
;       |lpm_shiftreg:LPM_SHIFTREG_component| ; 8 (8)             ; 8 (8)        ; 0           ; 0            ; 0       ; 0         ; 0    ; 0            ; |projeto3sd|lpm_shiftOUT:inst2|lpm_shiftreg:LPM_SHIFTREG_component ; work         ;
;    |lpm_shiftreg0:inst|                     ; 0 (0)             ; 8 (0)        ; 0           ; 0            ; 0       ; 0         ; 0    ; 0            ; |projeto3sd|lpm_shiftreg0:inst                                     ; work         ;
;       |lpm_shiftreg:LPM_SHIFTREG_component| ; 0 (0)             ; 8 (8)        ; 0           ; 0            ; 0       ; 0         ; 0    ; 0            ; |projeto3sd|lpm_shiftreg0:inst|lpm_shiftreg:LPM_SHIFTREG_component ; work         ;
+---------------------------------------------+-------------------+--------------+-------------+--------------+---------+-----------+------+--------------+--------------------------------------------------------------------+--------------+
Note: For table entries with two numbers listed, the numbers in parentheses indicate the number of resources of the given type used by the specific entity alone. The numbers listed outside of parentheses indicate the total resources of the given type used by the specific entity and all of its sub-entities in the hierarchy.


+--------------------------------------------------------------------------------------------------------------------------------------------------------+
; Analysis & Synthesis IP Cores Summary                                                                                                                  ;
+--------+--------------+---------+--------------+--------------+--------------------------------+-------------------------------------------------------+
; Vendor ; IP Core Name ; Version ; Release Date ; License Type ; Entity Instance                ; IP Include File                                       ;
+--------+--------------+---------+--------------+--------------+--------------------------------+-------------------------------------------------------+
; Altera ; LPM_SHIFTREG ; 13.0    ; N/A          ; N/A          ; |projeto3sd|lpm_shiftreg0:inst ; C:/Users/mathe/Documents/Projeto3SD/lpm_shiftreg0.vhd ;
; Altera ; LPM_SHIFTREG ; 13.0    ; N/A          ; N/A          ; |projeto3sd|lpm_shiftOUT:inst2 ; C:/Users/mathe/Documents/Projeto3SD/lpm_shiftOUT.vhd  ;
+--------+--------------+---------+--------------+--------------+--------------------------------+-------------------------------------------------------+


+--------------------------------------------------------------------------------+
; Registers Removed During Synthesis                                             ;
+---------------------------------------+----------------------------------------+
; Register name                         ; Reason for Removal                     ;
+---------------------------------------+----------------------------------------+
; contador:inst3|saida[3]               ; Stuck at GND due to stuck port data_in ;
; Total Number of Removed Registers = 1 ;                                        ;
+---------------------------------------+----------------------------------------+


+------------------------------------------------------+
; General Register Statistics                          ;
+----------------------------------------------+-------+
; Statistic                                    ; Value ;
+----------------------------------------------+-------+
; Total registers                              ; 27    ;
; Number of registers using Synchronous Clear  ; 0     ;
; Number of registers using Synchronous Load   ; 0     ;
; Number of registers using Asynchronous Clear ; 19    ;
; Number of registers using Asynchronous Load  ; 0     ;
; Number of registers using Clock Enable       ; 8     ;
; Number of registers using Preset             ; 0     ;
+----------------------------------------------+-------+


+--------------------------------------------------+
; Inverted Register Statistics                     ;
+----------------------------------------+---------+
; Inverted Register                      ; Fan out ;
+----------------------------------------+---------+
; contador:inst3|saida[2]                ; 4       ;
; contador:inst3|saida[0]                ; 6       ;
; contador:inst3|saida[1]                ; 5       ;
; Total number of inverted registers = 3 ;         ;
+----------------------------------------+---------+


+---------------------------------------------------------------------------------------------------------------------------------------------------+
; Multiplexer Restructuring Statistics (Restructuring Performed)                                                                                    ;
+--------------------+-----------+---------------+----------------------+------------------------+------------+-------------------------------------+
; Multiplexer Inputs ; Bus Width ; Baseline Area ; Area if Restructured ; Saving if Restructured ; Registered ; Example Multiplexer Output          ;
+--------------------+-----------+---------------+----------------------+------------------------+------------+-------------------------------------+
; 3:1                ; 3 bits    ; 6 LEs         ; 3 LEs                ; 3 LEs                  ; Yes        ; |projeto3sd|contador:inst3|saida[0] ;
+--------------------+-----------+---------------+----------------------+------------------------+------------+-------------------------------------+


+-----------------------------------------------------------------------------------------------------+
; Parameter Settings for User Entity Instance: lpm_shiftOUT:inst2|lpm_shiftreg:LPM_SHIFTREG_component ;
+------------------------+------------+---------------------------------------------------------------+
; Parameter Name         ; Value      ; Type                                                          ;
+------------------------+------------+---------------------------------------------------------------+
; LPM_WIDTH              ; 8          ; Signed Integer                                                ;
; LPM_DIRECTION          ; LEFT       ; Untyped                                                       ;
; LPM_AVALUE             ; UNUSED     ; Untyped                                                       ;
; LPM_SVALUE             ; UNUSED     ; Untyped                                                       ;
; DEVICE_FAMILY          ; Cyclone II ; Untyped                                                       ;
; AUTO_CARRY_CHAINS      ; ON         ; AUTO_CARRY                                                    ;
; IGNORE_CARRY_BUFFERS   ; OFF        ; IGNORE_CARRY                                                  ;
; AUTO_CASCADE_CHAINS    ; ON         ; AUTO_CASCADE                                                  ;
; IGNORE_CASCADE_BUFFERS ; OFF        ; IGNORE_CASCADE                                                ;
+------------------------+------------+---------------------------------------------------------------+
Note: In order to hide this table in the UI and the text report file, please set the "Show Parameter Settings in Synthesis Report" option in "Analysis and Synthesis Settings -> More Settings" to "Off".


+-------------------------------------------------------------+
; Parameter Settings for User Entity Instance: LPM_FF:inst333 ;
+------------------------+------------+-----------------------+
; Parameter Name         ; Value      ; Type                  ;
+------------------------+------------+-----------------------+
; LPM_WIDTH              ; 8          ; Signed Integer        ;
; LPM_AVALUE             ; UNUSED     ; Untyped               ;
; LPM_SVALUE             ; UNUSED     ; Untyped               ;
; LPM_FFTYPE             ; DFF        ; Untyped               ;
; DEVICE_FAMILY          ; Cyclone II ; Untyped               ;
; CBXI_PARAMETER         ; NOTHING    ; Untyped               ;
; AUTO_CARRY_CHAINS      ; ON         ; AUTO_CARRY            ;
; IGNORE_CARRY_BUFFERS   ; OFF        ; IGNORE_CARRY          ;
; AUTO_CASCADE_CHAINS    ; ON         ; AUTO_CASCADE          ;
; IGNORE_CASCADE_BUFFERS ; OFF        ; IGNORE_CASCADE        ;
+------------------------+------------+-----------------------+
Note: In order to hide this table in the UI and the text report file, please set the "Show Parameter Settings in Synthesis Report" option in "Analysis and Synthesis Settings -> More Settings" to "Off".


+-----------------------------------------------------------------------------------------------------+
; Parameter Settings for User Entity Instance: lpm_shiftreg0:inst|lpm_shiftreg:LPM_SHIFTREG_component ;
+------------------------+------------+---------------------------------------------------------------+
; Parameter Name         ; Value      ; Type                                                          ;
+------------------------+------------+---------------------------------------------------------------+
; LPM_WIDTH              ; 8          ; Signed Integer                                                ;
; LPM_DIRECTION          ; LEFT       ; Untyped                                                       ;
; LPM_AVALUE             ; UNUSED     ; Untyped                                                       ;
; LPM_SVALUE             ; UNUSED     ; Untyped                                                       ;
; DEVICE_FAMILY          ; Cyclone II ; Untyped                                                       ;
; AUTO_CARRY_CHAINS      ; ON         ; AUTO_CARRY                                                    ;
; IGNORE_CARRY_BUFFERS   ; OFF        ; IGNORE_CARRY                                                  ;
; AUTO_CASCADE_CHAINS    ; ON         ; AUTO_CASCADE                                                  ;
; IGNORE_CASCADE_BUFFERS ; OFF        ; IGNORE_CASCADE                                                ;
+------------------------+------------+---------------------------------------------------------------+
Note: In order to hide this table in the UI and the text report file, please set the "Show Parameter Settings in Synthesis Report" option in "Analysis and Synthesis Settings -> More Settings" to "Off".


+-------------------------------------------------------------------------------------+
; lpm_shiftreg Parameter Settings by Entity Instance                                  ;
+----------------------------+--------------------------------------------------------+
; Name                       ; Value                                                  ;
+----------------------------+--------------------------------------------------------+
; Number of entity instances ; 2                                                      ;
; Entity Instance            ; lpm_shiftOUT:inst2|lpm_shiftreg:LPM_SHIFTREG_component ;
;     -- LPM_WIDTH           ; 8                                                      ;
;     -- LPM_DIRECTION       ; LEFT                                                   ;
; Entity Instance            ; lpm_shiftreg0:inst|lpm_shiftreg:LPM_SHIFTREG_component ;
;     -- LPM_WIDTH           ; 8                                                      ;
;     -- LPM_DIRECTION       ; LEFT                                                   ;
+----------------------------+--------------------------------------------------------+


+-------------------------------+
; Elapsed Time Per Partition    ;
+----------------+--------------+
; Partition Name ; Elapsed Time ;
+----------------+--------------+
; Top            ; 00:00:00     ;
+----------------+--------------+


+-------------------------------+
; Analysis & Synthesis Messages ;
+-------------------------------+
Info: *******************************************************************
Info: Running Quartus II 64-Bit Analysis & Synthesis
    Info: Version 13.0.1 Build 232 06/12/2013 Service Pack 1 SJ Web Edition
    Info: Processing started: Wed Oct 31 22:08:32 2018
Info: Command: quartus_map --read_settings_files=on --write_settings_files=off projeto3sd -c projeto3sd
Warning (20028): Parallel compilation is not licensed and has been disabled
Info (12021): Found 2 design units, including 1 entities, in source file lpm_shiftreg0.vhd
    Info (12022): Found design unit 1: lpm_shiftreg0-SYN
    Info (12023): Found entity 1: lpm_shiftreg0
Info (12021): Found 2 design units, including 1 entities, in source file lpm_shiftout.vhd
    Info (12022): Found design unit 1: lpm_shiftout-SYN
    Info (12023): Found entity 1: lpm_shiftOUT
Info (12021): Found 2 design units, including 1 entities, in source file lpm_countercontador.vhd
    Info (12022): Found design unit 1: lpm_countercontador-SYN
    Info (12023): Found entity 1: lpm_counterCONTADOR
Info (12021): Found 1 design units, including 1 entities, in source file projeto3sd.bdf
    Info (12023): Found entity 1: projeto3sd
Info (12021): Found 2 design units, including 1 entities, in source file lpm_countercontador1.vhd
    Info (12022): Found design unit 1: lpm_countercontador1-SYN
    Info (12023): Found entity 1: lpm_counterCONTADOR1
Info (12021): Found 2 design units, including 1 entities, in source file lpm_shiftregistrador.vhd
    Info (12022): Found design unit 1: lpm_shiftregistrador-SYN
    Info (12023): Found entity 1: lpm_shiftREGISTRADOR
Info (12021): Found 2 design units, including 1 entities, in source file lpm_comparecomparador.vhd
    Info (12022): Found design unit 1: lpm_comparecomparador-SYN
    Info (12023): Found entity 1: lpm_compareCOMPARADOR
Info (12021): Found 2 design units, including 1 entities, in source file contador.vhd
    Info (12022): Found design unit 1: contador-contador
    Info (12023): Found entity 1: contador
Info (12127): Elaborating entity "projeto3sd" for the top level hierarchy
Info (12128): Elaborating entity "lpm_shiftOUT" for hierarchy "lpm_shiftOUT:inst2"
Info (12128): Elaborating entity "lpm_shiftreg" for hierarchy "lpm_shiftOUT:inst2|lpm_shiftreg:LPM_SHIFTREG_component"
Info (12130): Elaborated megafunction instantiation "lpm_shiftOUT:inst2|lpm_shiftreg:LPM_SHIFTREG_component"
Info (12133): Instantiated megafunction "lpm_shiftOUT:inst2|lpm_shiftreg:LPM_SHIFTREG_component" with the following parameter:
    Info (12134): Parameter "lpm_direction" = "LEFT"
    Info (12134): Parameter "lpm_type" = "LPM_SHIFTREG"
    Info (12134): Parameter "lpm_width" = "8"
Info (12128): Elaborating entity "contador" for hierarchy "contador:inst3"
Warning (10542): VHDL Variable Declaration warning at contador.vhd(18): used initial value expression for variable "constante" because variable was never assigned a value
Info (12128): Elaborating entity "LPM_FF" for hierarchy "LPM_FF:inst333"
Info (12130): Elaborated megafunction instantiation "LPM_FF:inst333"
Info (12133): Instantiated megafunction "LPM_FF:inst333" with the following parameter:
    Info (12134): Parameter "LPM_WIDTH" = "8"
Info (12128): Elaborating entity "lpm_shiftreg0" for hierarchy "lpm_shiftreg0:inst"
Info (12128): Elaborating entity "lpm_shiftreg" for hierarchy "lpm_shiftreg0:inst|lpm_shiftreg:LPM_SHIFTREG_component"
Info (12130): Elaborated megafunction instantiation "lpm_shiftreg0:inst|lpm_shiftreg:LPM_SHIFTREG_component"
Info (12133): Instantiated megafunction "lpm_shiftreg0:inst|lpm_shiftreg:LPM_SHIFTREG_component" with the following parameter:
    Info (12134): Parameter "lpm_direction" = "LEFT"
    Info (12134): Parameter "lpm_type" = "LPM_SHIFTREG"
    Info (12134): Parameter "lpm_width" = "8"
Info (13000): Registers with preset signals will power-up high
Info (13003): DEV_CLRn pin will set, and not reset, register with preset signal due to NOT Gate Push-Back
Warning (13024): Output pins are stuck at VCC or GND
    Warning (13410): Pin "sai[3]" is stuck at GND
Info (16010): Generating hard_block partition "hard_block:auto_generated_inst"
    Info (16011): Adding 0 node(s), including 0 DDIO, 0 PLL, 0 transceiver and 0 LCELL
Info (21057): Implemented 58 device resources after synthesis - the final resource count might be different
    Info (21058): Implemented 14 input pins
    Info (21059): Implemented 14 output pins
    Info (21061): Implemented 30 logic cells
Info: Quartus II 64-Bit Analysis & Synthesis was successful. 0 errors, 4 warnings
    Info: Peak virtual memory: 4668 megabytes
    Info: Processing ended: Wed Oct 31 22:08:36 2018
    Info: Elapsed time: 00:00:04
    Info: Total CPU time (on all processors): 00:00:02


